[  0000000] Initializing cgroup subsys cpuset
[    0.000000] Initializing cgroup subsys cpu
[    0.000000] Initializing cgroup subsys cpuacct
[    0.000000] Linux version 4.4.0-34-generic (buildd@lgw01-20) (gcc version 5.3.1 20160413 (Ubuntu 5.3.1-14ubuntu2.1) ) #53-Ubuntu SMP Wed Jul 27 16:06:39 UTC 2016 (Ubuntu 4.4.0-34.53-generic 4.4.15)
[    0.000000] Commnd line: OTIMAGE=/boot/vmlinuz-4.4.0-34-generic root=LABEL=cloudimg-rootfs ro console=tty1 console=ttyS0
[    0.000000] KRN supported cpus:
[    00000]  Inl nuineIntel
[    0.000000]   AMD AuthenticAMD
[    0.000000]   Centaur CentaurHaus[    00000]x8fpu: Legacy x87 FPU deteced
[    0.000000] x6/u:Using 'lazy' FPU context switches.
[    0.000000] e820: BIOS-provided physical RAM map:
[  0.00000] BIOS-e820:[mm x0000000000000000-0x000000000009fbff] usable
[    0.000000] BIOS-e820: [mem 0x000000000009fc00-0x000000000009ffff] reserved
[    0.000000] BIOS-e820: [mm 0000000000f0000-0x00000000000fffffreerved
[    0.000000] BIOS-e820: [emx0000000100000-0x00000000dffeffff] usable
[    0.000000] BIOS-e820: me0x000000fff0000-0x00000000dfffffff] ACPI data
[    0.000000] BIOS-e820: [mem 0x00000000fffc0000-0x00000000ffffff reserved
[    00000 BIOS82: [em0x000000100000000-0x000000011fffffff] usable
[    0.000000] NX (Execteisble ptectionacive
[    0.000000] SMBIOS.5resent.
[    0.000000] Hypervisor detected: KVM
[    0.000000] AGP: No AGGP bridge found
[   0.00000] e820:last_pfn = 0x120000 maxarh_n = 0x400000000
[    0.000000] x86/PAT: Configuration [0-7]: WB  WC  UC- UC  WB  WC  UC- WT  
[    0.000000] MR:Diabd
[    0.000000] CPU MTRRs all blank - virtualized system.
[    0.000000] e820: last_pfn= dfff0 max_arch_pn  0400000000
[    0.00000]ound P P-tae t me0x009ff0-0009ff mpped atfff88000fff0
  0.000000] Scanning 1 areas for low memory crrptio
   0.000] RAMDISK: [mem 0x371b4000-0x378d1fff]
[    0.000000] ACPI: Early table checksum verification disaled
[    0.000000] ACPI: RSDP 0x00000000000E0000 000024 (v02 VBOX  )
[    0.00000 ACP: DT0x00000000DFFF0030 00003C (v01 VX VBOXXDT0000001 ASL  0000061
[    0.000000] ACPI: FACP 0x00000000DFFF00F0 0000F4 (v04 VBOX   VBXFAC 000001 ASL  000000)
[  .00000ACI: DS 000000000FF470 002106 (v01 VB  VBOXBI 000002 IL 01005)
[  0.000000] ACPI: FACS 0x00000000DFFF0200 000040
[    0.000000] ACPI: FACS 0x00000000DFFF0200 000040
[    0.0000 API  APIC 0x00000000DFFF0240 00005C (v02 VBOX   VBOAP 000000 ASL  00000061)
[    0.000000] ACPI: SSDT x00000000DFFF02A0 0001CC (v01 VBOX   VBOXCPUT 00000002 INTL 10228)[   0.000000] No NUMA confurion found
[    0.000000] Faking a node at [mem 0x0000000000000-0x00001fffffff]
[    0.000000] NODE_DATA(0 allated [mem 0x11fff7000-0x11fffbfff]
[    0.000000] kvm-clock: Using msrs 4b564d01 and 4b564d00
[    0.000000] kvm-clock: cpu 0ms 1:1fff3001, primary cpu clock
[    0.000000] kvm-clock: using sched offset of 4174567904 cycles
[    0.000000] clocksource: kvm-clock: mask: 0xffffffffffffffff max_cycles: 0x1cd42e4dffb, max_idle_ns: 881590591483 ns
[    0.000000] Zone ranges:
[    0.0000]  DMA   [me 00000000001000-0x0000000000ffffff]
[    0.000000]   DMA32    [me 0x0000000001000000-0x00000ffffffff]
  0.00000  Normal   [mem 0x0000000100000000-0x000000011fffffff]
[    0.0000]  eve  empty
[    0.000000] Movable zone start for each node
[    0.000000] Eay memory node ranges
[    0.000000   ne   0: [mem 0x0000000000001000-0000000000009efff]
[    0.000000] nde   0: [mem 0x0000000000100000-0x00000000dffeffff]
[    0.000000]   node   0: [mem 0x0000000100000000-0x000000011fffffff]
[    0.000000] Initmem setup node 0 [mem 0x0000000000001000-0x000000011fffffff]
[    0.000000] ACPI: PM-Timer IO Port: 0x4008
[    0.000000] IOAPIC[0]apicid 2, version 17, address 0xfec00000, GSI 0-23
[    0.000000] ACPI: INT_SRC_OVR (bus 0 bus_irq 0 global_irq 2 dfl dfl)
[    0.000000] APIINT_S_OR (bus 0 bus_irq 9 globalrq high level)
[    0.000000] Using ACPI (MADT) for SMP cofiratio iormaton
[    0.000000] smpboot: Allowing 2 CPUs, 0 hotplug CPUs
[   .0000] PMReisteedosave memory: [mem 0x00000000-0000ff]
  0.000000 P: Registered nosvememor [em 0x0009f000-0x0009ffff]
[    0.000000] PM: Registered nosave memory: [mem 0x000a0000-0x0efff]
  0.000000] PM: Registered nosave memry[mem 0x000f0000-0x000fffff]
[    0.000000] PM: Registered nosave memory: [mem 0xdfff0000-0xdfffffff]
[    0.000000] PM: Registered nosave memory: [mem 0xe0000000-0xfffbffff]
[    0.000000] PM: Registered nose emory: [mem 0xfffc0000-0xfffffff]
[    0.000000] e820:me 0xe0000000-0xfffbffff] available for PCI devices
[    0.000000] Booting pavitualid erneln VM
[    0.000000] clocksource: refined-jiffies: mask: 0xffffffffmacycls:xfffffff, max_idle_ns: 7645519600211568 ns
[    0.000000] setp_percp: R_CPUS:256 nr_cpumask_bits:256 nr_cpu_ids:2 nr_node_ids:1
[    0.000000] PERCPU: Embedded 33 pages/cpu @ffff88011fc000 s8008 r8192 d28968 u1048576
[   00000 Pqspinochash ab etrie: 56(order: 0, 4096bys)
[    0.000000] Built 1 zonelists in Node orer mbility grouping on.  Total pages: 1032057
[    0.000] Polcyone: Normal
[  0.000000] Kernel command line: BOOT_IMAGE=/boot/vmlinuz-4.4.0-34-generic root=LAL=loudimg-root r console=tty1 console=ttyS0
[    0.000000] PID hash tleentris:09 (order: 3, 32768 bytes)
[    0.000000] AGP: Checking aperte...
[   0.0000 AGP: No AGP bridge found
[    0.000000] Memory: 4035864K/4193848K available (8394K kernel code, 1282K rwdata, 3944K rodata, 1480K init, 1292K bss, 157984K reserved, 0K cma-reserved)
[    0.000000] SLUB: HWalign=64, Order=0-3, MinObjects=0, CPUs=2, Nodes=1
[    0.000000] Hierarchical RCU implenttion.[    0000 	uild-time adjustment of leaf fanout to 64.
[    0.000000] 	RCU restricting CPUs fromR_US=26  nr_cpu_ds=2.
[    0.0000] RCU: Adjusti gometry for rcu_fanout_leaf=64, nr_cpu_ids=2
[    0.000000] NR_IRQS:16640 nr_iqs40 1
[   0000] Console: colour VGA+ 80x25
[    0.000000] console [tty1] enabled
[    0.000000] console [ttyS0] enabled
[   0.000000] tsc: Detected 3415.338 MHz processor
[    0.000000] tsc: Marking TSC unstable due to TSCs unsynchronized
[    0.012000] Calibrating delay loop (skipped) preset value.. 6830.67 BogoMIPS (lpj=13661352)
[    0.013001] pid_max: default: 32768 minimum: 301
[    0.016018] ACPI: Core revision 20150930
[    0.020981] ACPI: 2 ACPI AML tables successfully acquired and loaded
[    0.028370] Security Framework initialized
[    0.032010] Yama: becoming mindful.
[    0.036031] AppArmor: AppArmor initialized
[    0.044015] Dentry cache hash table entries: 524288 (order: 10, 4194304 bytes)
[    0.056015] Inode-cache hash table entries: 262144 (order: 9, 2097152 bytes)
[    0.060504] Mount-cache hash table entries: 8192 (order: 4, 65536 bytes)
[    0.064023] Mountpoint-cache hash table entries: 8192 (order: 4, 65536 bytes)
[    0.068199] Initializing cgroup subsys io
[    0.072018] Initializing cgroup subsys memory
[    0.073030] Initializing cgroup subsys devices
[    0.076019] Initializing cgroup subsys freezer
[    0.080017] Initializing cgroup subsys net_cls
[    0.084015] Initializing cgroup subsys perf_event
[    0.085083] Initializing cgroup subsys net_prio
[    0.088005] Initializing cgroup subsys hugetlb
[    0.092011] Initializing cgroup subsys pids
[    0.094586] CPU: Physical Processor ID: 0
[    0.095532] CPU: Processor Core ID: 0
[    0.096005] mce: CPU supports 0 MCE banks
[    0.100028] process: using AMD E400 aware idle routine
[    0.104014] Last level iTLB entries: 4KB 512, 2MB 16, 4MB 8
[    0.108011] Last level dTLB entries: 4KB 512, 2MB 128, 4MB 64, 1GB 0
[    0.111565] Freeing SMP alternatives memory: 28K (ffffffff820b4000 - ffffffff820bb000)
[    0.124234] ftrace: allocating 31994 entries in 125 pages
[    0.140130] smpboot: Max logical packages: 1
[    0.148008] smpboot: APIC(0) Converting physical 0 to logical package 0
[    0.153950] ..TIMER: vector=0x30 apic1=0 pin1=2 apic2=-1 pin2=-1
[    0.160000] smpboot: CPU0: AMD Phenom(tm) II X4 965 Processor (family: 0x10, model: 0x4, stepping: 0x3)
[    0.172018] Performance Events: Broken PMU hardware detected, using software events only.
[    0.176019] Failed to access perfctr msr (MSR c0010007 is 0)
[    0.180049] KVM setup paravirtual spinlock
[    0.188150] x86: Booting SMP configuration:
[    0.192011] .... node  #0, CPUs:      #1
[    0.012000] kvm-clock: cpu 1, msr 1:1fff3041, secondary cpu clock
[    0.012000] mce: CPU supports 0 MCE banks
[    0.220080] x86: Booted up 1 node, 2 CPUs
[    0.224009] smpboot: Total of 2 processors activated (13661.35 BogoMIPS)
[    0.228381] devtmpfs: initialized
[    0.236882] evm: security.selinux
[    0.240006] evm: security.SMACK64
[    0.244002] evm: security.SMACK64EXEC
[    0.248008] evm: security.SMACK64TRANSMUTE
[    0.250179] evm: security.SMACK64MMAP
[    0.252008] evm: security.ima
[    0.256007] evm: security.capability
[    0.257573] clocksource: jiffies: mask: 0xffffffff max_cycles: 0xffffffff, max_idle_ns: 7645041785100000 ns
[    0.260127] pinctrl core: initialized pinctrl subsystem
[    0.264230] RTC time:  9:14:40, date: 08/17/16
[    0.268268] NET: Registered protocol family 16
[    0.284014] cpuidle: using governor ladder
[    0.304016] cpuidle: using governor menu
[    0.308037] PCCT header not found.
[    0.312328] ACPI: bus type PCI registered
[    0.316007] acpiphp: ACPI Hot Plug PCI Controller Driver version: 0.5
[    0.320143] PCI: Using configuration type 1 for base access
[    0.324009] PCI: Using configuration type 1 for extended access
[    0.348027] ACPI: Added _OSI(Module Device)
[    0.364013] ACPI: Added _OSI(Processor Device)
[    0.372002] ACPI: Added _OSI(3.0 _SCP Extensions)
[    0.444010] ACPI: Added _OSI(Processor Aggregator Device)
[    0.476521] ACPI: Executed 1 blocks of module-level executable AML code
[    0.518788] ACPI: Interpreter enabled
[    0.532017] ACPI Exception: AE_NOT_FOUND, While evaluating Sleep State [\_S1_] (20150930/hwxface-580)
[    0.548014] ACPI Exception: AE_NOT_FOUND, While evaluating Sleep State [\_S2_] (20150930/hwxface-580)
[    0.553445] ACPI Exception: AE_NOT_FOUND, While evaluating Sleep State [\_S3_] (20150930/hwxface-580)
[    0.572009] ACPI Exception: AE_NOT_FOUND, While evaluating Sleep State [\_S4_] (20150930/hwxface-580)
[    0.612019] ACPI: (supports S0 S5)
[    0.620008] ACPI: Using IOAPIC for interrupt routing
[    0.621389] PCI: Using host bridge windows from ACPI; if necessary, use "pci=nocrs" and report a bug
[    0.644953] ACPI: PCI Root Bridge [PCI0] (domain 0000 [bus 00-ff])
[    0.692173] acpi PNP0A03:00: _OSC: OS supports [ExtendedConfig ASPM ClockPM Segments MSI]
[    0.756024] acpi PNP0A03:00: _OSC failed (AE_NOT_FOUND); disabling ASPM
[    0.800344] PCI host bridge to bus 0000:00
[    0.820015] pci_bus 0000:00: root bus resource [io  0x0000-0x0cf7 window]
[    0.888016] pci_bus 0000:00: root bus resource [io  0x0d00-0xffff window]
[    0.948013] pci_bus 0000:00: root bus resource [mem 0x000a0000-0x000bffff window]
[    0.960012] pci_bus 0000:00: root bus resource [mem 0xe0000000-0xffdfffff window]
[    0.988014] pci_bus 0000:00: root bus resource [bus 00-ff]
[    1.022330] pci 0000:00:01.1: legacy IDE quirk: reg 0x10: [io  0x01f0-0x01f7]
[    1.064011] pci 0000:00:01.1: legacy IDE quirk: reg 0x14: [io  0x03f6]
[    1.065741] pci 0000:00:01.1: legacy IDE quirk: reg 0x18: [io  0x0170-0x0177]
[    1.068003] pci 0000:00:01.1: legacy IDE quirk: reg 0x1c: [io  0x0376]
[    1.189190] ACPI: PCI Interrupt Link [LNKA] (IRQs 5 9 10 11) *0, disabled.
[    1.212797] ACPI: PCI Interrupt Link [LNKB] (IRQs 5 9 10 *11)
[    1.256967] ACPI: PCI Interrupt Link [LNKC] (IRQs 5 9 *10 11)
[    1.296512] ACPI: PCI Interrupt Link [LNKD] (IRQs 5 *9 10 11)
[    1.301427] ACPI: Enabled 2 GPEs in block 00 to 07
[    1.320151] vgaarb: setting as boot device: PCI:0000:00:02.0
[    1.324000] vgaarb: device added: PCI:0000:00:02.0,decodes=io+mem,owns=io+mem,locks=none
[    1.428013] vgaarb: loaded
[    1.476009] vgaarb: bridge control possible 0000:00:02.0
[    1.520291] SCSI subsystem initialized
[    1.521282] ACPI: bus type USB registered
[    1.568058] usbcore: registered new interface driver usbfs
[    1.636039] usbcore: registered new interface driver hub
[    1.640042] usbcore: registered new device driver usb
[    1.692126] PCI: Using ACPI for IRQ routing
[    1.776335] NetLabel: Initializing
[    1.808008] NetLabel:  domain hash size = 128
[    1.809937] NetLabel:  protocols = UNLABELED CIPSOv4
[    1.860034] NetLabel:  unlabeled traffic allowed by default
[    1.928127] clocksource: Switched to clocksource kvm-clock
[    2.000932] AppArmor: AppArmor Filesystem Enabled
[    2.066525] pnp: PnP ACPI init
[    2.078798] pnp: PnP ACPI: found 3 devices
[    2.115677] clocksource: acpi_pm: mask: 0xffffff max_cycles: 0xffffff, max_idle_ns: 2085701024 ns
[    2.224947] NET: Registered protocol family 2
[    2.255410] TCP established hash table entries: 32768 (order: 6, 262144 bytes)
[    2.278169] TCP bind hash table entries: 32768 (order: 7, 524288 bytes)
[    2.297538] TCP: Hash tables configured (established 32768 bind 32768)
[    2.305557] UDP hash table entries: 2048 (order: 4, 65536 bytes)
[    2.319076] UDP-Lite hash table entries: 2048 (order: 4, 65536 bytes)
[    2.335594] NET: Registered protocol family 1
[    2.336610] pci 0000:00:00.0: Limiting direct PCI/PCI transfers
[    2.376895] pci 0000:00:01.0: Activating ISA DMA hang workarounds
[    2.427871] Trying to unpack rootfs image as initramfs...
[    3.902886] Freeing initrd memory: 7288K (ffff8800371b4000 - ffff8800378d2000)
[    3.930476] PCI-DMA: Using software bounce buffering for IO (SWIOTLB)
[    3.951076] software IO TLB [mem 0xdbff0000-0xdfff0000] (64MB) mapped at [ffff8800dbff0000-ffff8800dffeffff]
[    4.005189] clocksource: tsc: mask: 0xffffffffffffffff max_cycles: 0x313ae80635e, max_idle_ns: 440795320207 ns
[    4.012179] platform rtc_cmos: registered platform RTC device (no PNP dvice foud)
[   4.22] anngorowemy rrti ery0 cos
[    4.012487] futex hash table entries: 512 (order: 3, 32768 bytes)
[    4.012508] audit: initializing netlink subsys (disabled)
[    4.012523] audit: type=2000 audit(1471425281.413:1): initialized
[    4.012747] Initialise system trusted keyring
[    4.012841] HugeTLB registered 2 MB page size, pre-allocated 0 pages
[    4.014214] zbud: loaded
[    4.014387] VFS: Disk quotas dquot_6.6.0
[    4.014417] VFS: Dquot-cache hash table entries: 512 (order 0, 4096 bytes)
[    4.014643] squashfs: version 4.0 (2009/01/31) Phillip Lougher
[    4.014849] fuse init (API version 7.23)
[    4.014973] Key type big_key registered
[    4.014991] Allocating IMA MOK and blacklist keyrings.
[    4.015222] Key type asymmetric registered
[    4.015224] Asymmetric key parser 'x509' registered
[    4.015255] Block layer SCSI generic (bsg) driver version 0.4 loaded (major 249)
[    4.015278] io scheduler noop registered
[    4.015280] io scheduler deadline registered (default)
[    4.015306] io scheduler cfq registered
[    4.015387] pci_hotplug: PCI Hot Plug PCI Core version: 0.5
[    4.015392] pciehp: PCI Express Hot Plug Controller Driver version: 0.4
[    4.015524] ACPI: AC Adapter [AC] (on-line)
[    4.015573] input: Power Button as /devices/LNXSYSTM:00/LNXPWRBN:00/input/input0
[    4.015576] ACPI: Power Button [PWRF]
[    4.015641] input: Sleep Button as /devices/LNXSYSTM:00/LNXSLPBN:00/input/input1
[    4.015643] ACPI: Sleep Button [SLPF]
[    4.015841] GHES: HEST is not enabled!
[    4.015928] Serial: 8250/16550 driver, 32 ports, IRQ sharing enabled
[    4.174851] 00:02: ttyS0 at I/O 0x3f8 (irq = 4, base_baud = 115200) is a 16550A
[    4.995827] Linux agpgart interface v0.103
[    5.049920] brd: module loaded
[    5.060290] loop: module loaded
[    5.060879] scsi host0: ata_piix
[    5.060937] scsi host1: ata_piix
[    5.060965] ata1: PATA max UDMA/33 cmd 0x1f0 ctl 0x3f6 bmdma 0xd000 irq 14
[    5.060966] ata2: PATA max UDMA/33 cmd 0x170 ctl 0x376 bmdma 0xd008 irq 15
[    5.061143] libphy: Fixed MDIO Bus: probed
[    5.061145] tun: Universal TUN/TAP device driver, 1.6
[    5.061146] tun: (C) 1999-2004 Max Krasnyansky <maxk@qualcomm.com>
[    5.061195] PPP generic driver version 2.4.2
[    5.061241] ehci_hcd: USB 2.0 'Enhanced' Host Controller (EHCI) Driver
[    5.061244] ehci-pci: EHCI PCI platform driver
[    5.061252] ehci-platform: EHCI generic platform driver
[    5.061259] ohci_hcd: USB 1.1 'Open' Host Controller (OHCI) Driver
[    5.061261] ohci-pci: OHCI PCI platform driver
[    5.061268] ohci-platform: OHCI generic platform driver
[    5.061274] uhci_hcd: USB Universal Host Controller Interface driver
[    5.061325] i8042: PNP: PS/2 Controller [PNP0303:PS2K,PNP0f03:PS2M] at 0x60,0x64 irq 1,12
[    5.066434] serio: i8042 KBD port at 0x60,0x64 irq 1
[    5.066440] serio: i8042 AUX port at 0x60,0x64 irq 12
[    5.066558] mousedev: PS/2 mouse device common for all mice
[    5.067380] rtc_cmos rtc_cmos: rtc core: registered rtc_cmos as rtc0
[    5.067449] rtc_cmos rtc_cmos: alarms up to one day, 114 bytes nvram
[    5.067455] i2c /dev entries driver
[    5.067505] device-mapper: uevent: version 1.0.3
[    5.067555] device-mapper: ioctl: 4.34.0-ioctl (2015-10-28) initialised: dm-devel@redhat.com
[    5.067569] ledtrig-cpu: registered to indicate activity on CPUs
[    5.067857] NET: Registered protocol family 10
[    5.067997] NET: Registered protocol family 17
[    5.068007] Key type dns_resolver registered
[    5.070179] microcode: CPU0: patch_level=0x01000086
[    5.073387] microcode: CPU1: patch_level=0x01000086
[    5.073471] microcode: Microcode Update Driver: v2.01 <tigran@aivazian.fsnet.co.uk>, Peter Oruba
[    5.073591] registered taskstats version 1
[    5.073607] Loading compiled-in X.509 certificates
[    5.075020] Loaded X.509 cert 'Build time autogenerated kernel key: c40ffa48d8617ce4553ee3ab59017c95e74f2501'
[    5.075044] zswap: loaded using pool lzo/zbud
[    5.076691] Key type trusted registered
[    5.079195] Key type encrypted registered
[    5.079201] AppArmor: AppArmor sha1 policy hashing enabled
[    5.079204] ima: No TPM chip found, activating TPM-bypass!
[    5.079227] evm: HMAC attrs: 0x1
[    5.079554]   Magic number: 12:410:222
[    5.126331] rtc_cmos rtc_cmos: setting system clock to 2016-08-17 09:14:45 UTC (1471425285)
[    5.126538] BIOS EDD facility v0.16 2004-Jun-25, 0 devices found
[    5.126539] EDD information not available.
[    5.264969] input: AT Translated Set 2 keyboard as /devices/platform/i8042/serio0/input/input2
[    6.816910] Freeing unused kernel memory: 1480K (ffffffff81f42000 - ffffffff820b4000)
[    6.840133] Write protecting the kernel read-only data: 14336k
[    6.842456] Freeing unused kernel memory: 1832K (ffff880001836000 - ffff880001a00000)
[    6.862542] Freeing unused kernel memory: 152K (ffff880001dda000 - ffff880001e00000)
Loading, please wait...
[    6.894046] random: systemd-udevd urandom read with 4 bits of entropy available
starting version 229
[    6.930638] e1000: Intel(R) PRO/1000 Network Driver - version 7.3.21-k8-NAPI
[    6.986057] e1000: Copyright (c) 1999-2006 Intel Corporation.
[    7.032503] Fusion MPT base driver 3.04.20
[    7.048540] Copyright (c) 1999-2008 LSI Corporation
[    7.104078] Fusion MPT SPI Host driver 3.04.20
[    7.312209] input: ImExPS/2 Generic Explorer Mouse as /devices/platform/i8042/serio1/input/input4
[    7.597818] e1000 0000:00:03.0 eth0: (PCI:33MHz:32-bit) 02:af:4b:8e:d4:f5
[    7.686436] e1000 0000:00:03.0 eth0: Intel(R) PRO/1000 Network Connection
[    7.744577] mptbase: ioc0: Initiating bringup
[    7.868599] ioc0: LSI53C1030 A0: Capabilities={Initiator}
[    8.075785] scsi host2: ioc0: LSI53C1030 A0, FwRev=00000000h, Ports=1, MaxQ=256, IRQ=20
[    8.249448] scsi 2:0:0:0: Direct-Access     VBOX     HARDDISK         1.0  PQ: 0 ANSI: 5
[    8.276481] scsi target2:0:0: Beginning Domain Validation
[    8.288766] scsi target2:0:0: Domain Validation skipping write tests
[    8.300929] scsi target2:0:0: Ending Domain Validation
[    8.322110] scsi target2:0:0: asynchronous
[    8.349114] scsi 2:0:1:0: Direct-Access     VBOX     HARDDISK         1.0  PQ: 0 ANSI: 5
[    8.372936] scsi target2:0:1: Beginning Domain Validation
[    8.404838] scsi target2:0:1: Domain Validation skipping write tests
[    8.450545] scsi target2:0:1: Ending Domain Validation
[    8.467263] scsi target2:0:1: asynchronous
[    8.590222] sd 2:0:0:0: [sda] 20971520 512-byte logical blocks: (10.7 GB/10.0 GiB)
[    8.603224] sd 2:0:0:0: Attached scsi generic sg0 type 0
[    8.632443] sd 2:0:0:0: [sda] Write Protect is off
[    8.632559] sd 2:0:0:0: [sda] Incomplete mode parameter data
[    8.632560] sd 2:0:0:0: [sda] Assuming drive cache: write through
[    8.645979]  sda: sda1
[    8.647076] sd 2:0:0:0: [sda] Attached SCSI disk
[    8.670190] e1000 0000:00:08.0 eth1: (PCI:33MHz:32-bit) 08:00:27:9a:fc:38
[    8.670193] e1000 0000:00:08.0 eth1: Intel(R) PRO/1000 Network Connection
[    8.691683] e1000 0000:00:08.0 enp0s8: renamed from eth1
[    8.810785] sd 2:0:1:0: [sdb] 20480 512-byte logical blocks: (10.5 MB/10.0 MiB)
[    8.881004] sd 2:0:1:0: Attached scsi generic sg1 type 0
[    8.941509] sd 2:0:1:0: [sdb] Write Protect is off
[    8.969073] sd 2:0:1:0: [sdb] Incomplete mode parameter data
[    8.973919] e1000 0000:00:03.0 enp0s3: renamed from eth0
[    9.028924] sd 2:0:1:0: [sdb] Assuming drive cache: write through
[    9.104009] sd 2:0:1:0: [sdb] Attached SCSI disk
[   10.184846] floppy0: no floppy controllers found
Begin: Loading essential drivers[   12.274556] md: linear personality registered for level -1
 ... [   12.282768] md: multipath personality registered for level -4
[   12.322385] md: raid0 personality registered for level 0
[   12.338815] md: raid1 personality registered for level 1
[   12.428666] raid6: sse2x1   gen()  3698 MB/s
[   12.524339] raid6: sse2x1   xor()  4461 MB/s
[   12.616127] raid6: sse2x2   gen()  6276 MB/s
[   12.764735] raid6: sse2x2   xor()  6688 MB/s
[   12.864205] raid6: sse2x4   gen()  8009 MB/s
[   12.948430] raid6: sse2x4   xor()  3225 MB/s
[   12.972470] raid6: using algorithm sse2x4 gen() 8009 MB/s
[   12.993843] raid6: .... xor() 3225 MB/s, rmw enabled
[   13.004664] raid6: using intx1 recovery algorithm
[   13.045517] xor: measuring software checksum speed
[   13.144469]    prefetch64-sse: 13600.000 MB/sec
[   13.229420]    generic_sse: 14756.000 MB/sec
[   13.247948] xor: using function: generic_sse (14756.000 MB/sec)
[   13.275179] async_tx: api initialized (async)
[   13.296437] md: raid6 personality registered for level 6
[   13.360002] md: raid5 personality registered for level 5
[   13.397703] md: raid4 personality registered for level 4
[   13.424334] md: raid10 personality registered for level 10
done.
Begin: Running /scripts/init-premount ... done.
Begin: Mounting root file system ... Begin: Running /scripts/local-top ... done.
Begin: Running /scripts/local-premount ... [   13.478594] Btrfs loaded
Scanning for Btrfs filesystems
done.
Warning: fsck not present, so skipping root file system
[   13.727011] EXT4-fs (sda1): mounted filesystem with ordered data mode. Opts: (null)
done.
Begin: Running /scripts/local-bottom ... done.
Begin: Running /scripts/init-bottom ... Warning: overlayroot: debug is busted
done.
[ 14568]random: nonblocking pool is itiiz
[   15.372751] systemd[1]: systemd 229 running in system mode. (+PAM +AUDIT +SELINUX +IMA +APPARMOR +SMACK +SYSVINIT +UTMP +LIBCRYPTSETUP +GCRYPT +GNUTLS +ACL +XZ -LZ4 +SECCOMP +BLKID +ELFUTILS +KMOD -IDN)
[   15.437212] systemd[1]: Detected virtualization oracle.
[   15.487015] systemd[1]: Detected architecture x86-64.

Welcome to [1mUbuntu 16.04.1 LTS[0m!

[   15.576642] systemd[1]: Set hostname to <ubuntu>.
[ 15851]ysmd1]Inialiinmain ID from nd geror

[   16.472264] systemd[1]: Installed transient /etc/machine-id file.
[   18.585258] systemd[1]: Listening on Device-mapper event daemon FIFOs.
[[0;32m  OK  [0m] Listening on Device-mapper event daemon FIFOs.
[   18.646976] systemd[1]: Reached target User and Group Name Lookups.
[[0;32m  OK  [0m] Reached target User and Group Name Lookups.
[   18.689477] systemd[1]: Reached target Swap.
[[0;32m  OK  [0m] Reached target Swap.
[   18.764587] systemd[1]: Listening on /dev/initctl Compatibility Named Pipe.
[[0;32m  OK  [0m] Listening on /dev/initctl Compatibility Named Pipe.
[   18.809086] systemd[1]: Listening on Journal Audit Socket.
[[0;32m  OK  [0m] Listening on Journal Audit Socket.
[   18.896158] systemd[1]: Created slice User and Session Slice.
[[0;32m  OK  [0m] Created slice User and Session Slice.
[   18.911305] systemd[1]: Listening on LVM2 poll daemon socket.
[[0;32m  OK  [0m] Listening on LVM2 poll daemon socket.
[   18.949089] systemd[1]: Reached target Encrypted Volumes.
[[0;32m  OK  [0m] Reached target Encrypted Volumes.
[   19.062784] systemd[1]: Listening on udev Control Socket.
[[0;32m  OK  [0m] Listening on udev Control Socket.
[   19.084520] systemd[1]: Started Forward Password Requests to Wall Directory Watch.
[[0;32m  OK  [0m] Started Forward Password Requests to Wall Directory Watch.
[   19.110565] systemd[1]: Listening on Syslog Socket.
[[0;32m  OK  [0m] Listening on Syslog Socket.
[   19.240321] systemd[1]: Listening on udev Kernel Socket.
[[0;32m  OK  [0m] Listening on udev Kernel Socket.
[   19.296836] systemd[1]: Listening on Journal Socket.
[[0;32m  OK  [0m] Listening on Journal Socket.
[   19.348654] systemd[1]: Listening on Journal Socket (/dev/log).
[[0;32m  OK  [0m] Listening on Journal Socket (/dev/log).
[   19.400439] systemd[1]: Listening on LVM2 metadata daemon socket.
[[0;32m  OK  [0m] Listening on LVM2 metadata daemon socket.
[   19.436748] systemd[1]: Created slice System Slice.
[[0;32m  OK  [0m] Created slice System Slice.
[   19.516815] systemd[1]: Starting Create list of required static device nodes for the current kernel...
         Starting Create list of required st... nodes for the current kernel...
[   19.567176] systemd[1]: Starting Uncomplicated firewall...
         Starting Uncomplicated firewall...
[   19.593680] systemd[1]: Starting Remount Root and Kernel File Systems...
         Starting Remount Root and Kernel File Systems...
[   19.896500] systemd[1]: Starting Load Kernel Modules...
[   19.936755] EXT4-fs (sda1): re-mounted. Opts: (null)
         Starting Load Kernel Modules...
[   20.005651] systemd[1]: Starting Journal Service...
         Starting Journal Service...
[   20.081078] systemd[1]: Starting Monitoring of LVM2 mirrors, snapshots etc. using dmeventd or progress polling...
         Starting Monitoring of LVM2 mirrors... dmeventd or progress polling...
[   20.144391] systemd[1]: Mounting POSIX Message Queue File System...
         Mounting POSIX Message Queue File System...
[   20.216979] systemd[1]: Created slice system-serial\x2dgetty.slice.
[[0;32m  OK  [0m] Created slice system-serial\x2dg[   20.279608] Loading iSCSI transport class v2.0-870.
etty.slice.
[   20.316232] systemd[1]: Mounting Debug File System...
         Mounting Debug File System...
[   20.369327] systemd[1]: Starting Set console keymap...
         [   20.474668] iscsi: registered transport (tcp)
Starting Set console keymap...
[   20.524262] systemd[1]: Mounting Huge Pages File System...
         Mounting Huge Pages File System...
[   20.600416] systemd[1]: Starting Nameserver information manager...
         Starting Nameserver information manager...
[   20.672679] systemd[1]: Reached target Slices.
[[0;32m  OK  [0m] Reached target Slices.
[   20.728458] systemd[1]: Set up automount Arbitrary Executable File Formats File System Automount Point.
[[0;32m  OK  [0m] Set up automount Arbitrary Executab...ats File System Automount Point.
[   20.776575] iscsi: registered transport (iser)
[   20.784962] systemd[1]: Mounted POSIX Message Queue File System.
[[0;32m  OK  [0m] Mounted POSIX Message Queue File System.
[   20.848473] systemd[1]: Mounted Debug File System.
[[0;32m  OK  [0m] Mounted Debug File System.
[   20.888504] systemd[1]: Mounted Huge Pages File System.
[[0;32m  OK  [0m] Mounted Huge Pages File System.
[   20.945306] systemd[1]: Started Journal Service.
[[0;32m  OK  [0m] Started Journal Service.
[[0;32m  OK  [0m] Started Create list of required sta...ce nodes for the current kernel.
[[0;32m  OK  [0m] Started Uncomplicated firewall.
[[0;32m  OK  [0m] Started Remount Root and Kernel File Systems.
[[0;32m  OK  [0m] Started Load Kernel Modules.
[[0;32m  OK  [0m] Started Set console keymap.
[[0;32m  OK  [0m] Started Nameserver information manager.
[[0;32m  OK  [0m] Started LVM2 metadata daemon.
         Starting Apply Kernel Variables...
         Mounting FUSE Control File System...
         Starting Load/Save Random Seed...
         Starting udev Coldplug all Devices...
         Starting Create Static Device Nodes in /dev...
         Starting Flush Journal to Persistent Storage...
[[0;32m  OK  [0m] Mounted FUSE Control File System.
[[0;32m  OK  [0m] Started Load/Save Random Seed.
[[0;32m  OK  [0m] Started Apply Kernel Variables.
[[0;32m  OK  [0m] Started Flush Journal to Persistent Storage.
[[0;32m  OK  [0m] Started Monitoring of LVM2 mirrors,...ng dmeventd or progress polling.
[[0;32m  OK  [0m] Started udev Coldplug all Devices.
[[0;32m  OK  [0m] Started Create Static Device Nodes in /dev.
         Starting udev Kernel Device Manager...
[[0;32m  OK  [0m] Started udev Kernel Device Manager.
[[0;32m  OK  [0m] Reached target Local File Systems (Pre).
[[0;32m  OK  [0m] Reached target Local File Systems.
         Starting LSB: AppArmor initialization...
         Starting Tell Plymouth To Write Out Runtime Data...
         Starting Commit a transient machine-id on disk...
         Starting Create Volatile Files and Directories...
         Starting Initial cloud-init job (pre-networking)...
         Starting Set console font and keymap...
[[0;32m  OK  [0m] Started Dispatch Password Requests to Console Directory Watch.
[[0;32m  OK  [0m] Started Commit a transient machine-id on disk.
[[0;32m  OK  [0m] Started Tell Plymouth To Write Out Runtime Data.
[[0;32m  OK  [0m] Started Create Volatile Files and Directories.
         Starting Network Time Synchronization...
         Starting Update UTMP about System Boot/Shutdown...
[[0;32m  OK  [0m] Found device /dev/ttyS0.
[[0;32m  OK  [0m] Started Update UTMP about System Boot/Shutdown.
[[0;32m  OK  [0m] Started Network Time Synchronization.
[[0;32m  OK  [0m] Reached target System Time Synchronized.
[[0;32m  OK  [0m] Listening on Load/Save RF Kill Switch Status /dev/rfkill Watch.
[[0;32m  OK  [0m] Started Set console font and keymap.
[[0;32m  OK  [0m] Created slice system-getty.slice.
[[0;32m  OK  [0m] Started LSB: AppArmor initialization.
[[0;32m  OK  [0m] Reached target System Initialization.
[[0;32m  OK  [0m] Started Daily Cleanup of Temporary Directories.
[[0;32m  OK  [0m] Started Daily apt activities.
[[0;32m  OK  [0m] Started Trigger resolvconf update for networkd DNS.
         Starting Socket activation for snappy daemon.
[[0;32m  OK  [0m] Listening on D-Bus System Message Bus Socket.
         Starting LXD - unix socket.
[[0;32m  OK  [0m] Started ACPI Events Check.
[[0;32m  OK  [0m] Reached target Paths.
[[0;32m  OK  [0m] Listening on UUID daemon activation socket.
[[0;32m  OK  [0m] Started Timer to automatically refresh installed snaps.
[[0;32m  OK  [0m] Reached target Timers.
[[0;32m  OK  [0m] Listening on ACPID Listen Socket.
[[0;32m  OK  [0m] Listening on Socket activation for snappy daemon.
[[0;32m  OK  [0m] Listening on LXD - unix socket.
[[0;32m  OK  [0m] Reached target Sockets.
[[0;32m  OK  [0m] Reached target Basic System.
[[0;32m  OK  [0m] Started FUSE filesystem for LXC.
         Starting Login Service...
         Starting LXD - container startup/shutdown...
         Starting Accounts Service...
[[0;32m  OK  [0m] Started ACPI event daemon.
[[0;32m  OK  [0m] Started D-Bus System Message Bus.
[[0;32m  OK  [0m] Started Deferred execution scheduler.
         Starting System Logging Service...
         Starting LSB: Record successful boot for GRUB...
[[0;32m  OK  [0m] Started Regular background program processing daemon.
         Starting LSB: MD monitoring daemon...
[[0;32m  OK  [0m] Started Snappy daemon.
[[0;32m  OK  [0m] Started Login Service.
[[0;32m  OK  [0m] Started LSB: Record successful boot for GRUB.
         Starting Authenticate and Authorize Users to Run Privileged Tasks...
[[0;32m  OK  [0m] Started System Logging Service.
[[0;32m  OK  [0m] Started LSB: MD monitoring daemon.
[[0;32m  OK  [0m] Started Authenticate and Authorize Users to Run Privileged Tasks.
[[0;32m  OK  [0m] Started Accounts Service.
[[0;32m  OK  [0m] Started LXD - container startup/shutdown.
[   39.123537] cloud-init[1143]: Cloud-init v. 0.7.7 running 'init-local' at Wed, 17 Aug 2016 09:15:18 +0000. Up 38.12 seconds.
[[0;32m  OK  [0m] Started Initial cloud-init job (pre-networking).
[[0;32m  OK  [0m] Reached target Network (Pre).
         Starting Raise network interfaces...
[[0;32m  OK  [0m] Started Raise network interfaces.
         Starting Initial cloud-init job (metadata service crawler)...
[[0;32m  OK  [0m] Reached target Network.
[   43.783776] cloud-init[2086]: Cloud-init v. 0.7.7 running 'init' at Wed, 17 Aug 2016 09:15:20 +0000. Up 40.38 seconds.
[   43.799691] cloud-init[2086]: ci-info: ++++++++++++++++++++++++++++++++++++++Net device info++++++++++++++++++++++++++++++++++++++
[   43.838039] cloud-init[2086]: ci-info: +--------+-------+----------------------------+---------------+-------+-------------------+
[   43.873348] cloud-init[2086]: ci-info: | Device |   Up  |          Address           |      Mask     | Scope |     Hw-Address    |
[   43.933837] [cloud-init[0;32m  OK  [0m[2086]: ] ci-info: +--------+-------+----------------------------+---------------+-------+-------------------+Started Initial cloud-init job (metadata service crawler).

[   43.934127] cloud-init[2086]: ci-info: |   lo   |  True |         127.0.0.1          |   255.0.0.0   |   .   |         .         |
[   43.972775] [cloud-init[0;32m  OK  [0m[2086]: ] ci-info: |   lo   |  True |          ::1/128           |       .       |  host |         .         |Reached target Cloud-config availability.

[[   43.973008] [0;32m  OK  [0mcloud-init] [2086]: Reached target Network is Online.ci-info: | enp0s3 |  True |         10.0.2.15          | 255.255.255.0 |   .   | 02:af:4b:8e:d4:f5 |

         Starting Apply the settings specified in cloud-config...
         Starting /etc/rc.local Compatibility...
[   44.037690] cloud-init[2086]: ci-info: | enp0s3 |  True | fe80::af:4bff:fe8e:d4f5/64 |       .       |  link | 02:af:4b:8e:d4:f5 |
[   44.139207] cloud-init[2086]: ci-info: | enp0s8 | False |             .              |       .       |   .   | 08:00:27:9a:fc:38 |
         Starting Seed the pseudo random number generator on first boot...
[   44.190933] cloud-init[2086]: ci-info: +--------+-------+----------------------------+---------------+-------+-------------------+
         Starting iSCSI initiator daemon (iscsid)...
[[0;32m  OK  [0m[   44.261015] cloud-init[2086]: ci-info: +++++++++++++++++++++++++++Route IPv4 info++++++++++++++++++++++++++++
[   44.269009] cloud-init[2086]: ci-info: +-------+-------------+----------+---------------+-----------+-------+
[   44.269058] cloud-init[2086]: ci-info: | Route | Destination | Gateway  |    Genmask    | Interface | Flags |
[   44.269101] cloud-init[2086]: ci-info: +-------+-------------+----------+---------------+-----------+-------+
[   44.269136] cloud-init[2086]: ci-info: |   0   |   0.0.0.0   | 10.0.2.2 |    0.0.0.0    |   enp0s3  |   UG  |
[   44.269171] cloud-init[2086]: ci-info: |   1   |   10.0.2.0  | 0.0.0.0  | 255.255.255.0 |   enp0s3  |   U   |
[   44.269208] cloud-init[2086]: ci-info: +-------+-------------+----------+---------------+-----------+-------+
[   44.269243] cloud-init[2086]: Generating public/private rsa key pair.
[   44.269279] cloud-init[2086]: Your identification has been saved in /etc/ssh/ssh_host_rsa_key.
[   44.269322] cloud-init[2086]: Your public key has been saved in /etc/ssh/ssh_host_rsa_key.pub.
[   44.269357] cloud-init[2086]: The key fingerprint is:
[   44.269394] cloud-init[2086]: SHA256:R9hck8aZxiEdwd7E3bsZqZr2by5aYvb/3E2QCkdxFJA root@ubuntu-xenial
[   44.269429] cloud-init[2086]: The key's randomart image is:
[   44.269466] cloud-init[2086]: +---[RSA 2048]----+
[   44.269502] cloud-init[2086]: |          .=O%+o.|
[   44.269537] cloud-init[2086]: |         + oE+o o|
[   44.269572] cloud-init[2086]: |        . ++.o  o|
[   44.269908] cloud-init[2086]: |         . .. .= |
[   44.269988] cloud-init[2086]: |        S o . + +|
[   44.270030] cloud-init[2086]: |         . o o + |
[   44.270065] cloud-init[2086]: |           ++.  .|
[   44.270101] cloud-init[2086]: |          o++. +o|
[   44.270136] cloud-init[2086]: |          ..oo*+*|
[   44.270172] cloud-init[2086]: +----[SHA256]-----+
[   44.270211] cloud-init[2086]: Generating public/private dsa key pair.
[   44.270246] cloud-init[2086]: Your identification has been saved in /etc/ssh/ssh_host_dsa_key.
[   44.270282] cloud-init[2086]: Your public key has been saved in /etc/ssh/ssh_host_dsa_key.pub.
[   44.270318] cloud-init[2086]: The key fingerprint is:
[   44.270353] cloud-init[2086]: SHA256:MLkUoyDeHdEFIqx8GRwayryFy/yhr0JWxqrbPVQJZQY root@ubuntu-xenial
[   44.270389] cloud-init[2086]: The key's randomart image is:
[   44.270423] cloud-init[2086]: +---[DSA 1024]----+
[   44.270458] cloud-init[2086]: |..+oE*O.o.       |
[   44.270493] cloud-init[2086]: |=.==++o=         |
[   44.270535] cloud-init[2086]: |o*oo+o=.         |
[   44.270571] cloud-init[2086]: |oo+* .o+         |
[   44.270605] cloud-init[2086]: | ==. .. S        |
[   44.270640] cloud-init[2086]: | +o o            |
[   44.270675] cloud-init[2086]: |+. o             |
[   44.270710] cloud-init[2086]: |o....            |
[   44.270745] cloud-init[2086]: |ooo...           |
[   44.270780] cloud-init[2086]: +----[SHA256]-----+
[   44.270814] cloud-init[2086]: Generating public/private ecdsa key pair.
[   44.270849] cloud-init[2086]: Your identification has been saved in /etc/ssh/ssh_host_ecdsa_key.
[   44.270885] cloud-init[2086]: Your public key has been saved in /etc/ssh/ssh_host_ecdsa_key.pub.
[   44.270919] cloud-init[2086]: The key fingerprint is:
[   44.270999] cloud-init[2086]: SHA256:MJZWmwdz38Z0z2pECzkEnwKRmFrwdddutoKbOXZrT7Y root@ubuntu-xenial
[   44.271034] cloud-init[2086]: The key's randomart image is:
[   44.271069] cloud-init[2086]: +---[ECDSA 256]---+
[   44.271103] cloud-init[2086]: |    .. oBo+o+oo .|
[   44.271139] cloud-init[2086]: |     .++.O +oB.+.|
[   44.271175] cloud-init[2086]: |     oB o o +o* o|
[   44.271208] cloud-init[2086]: |    .o o . . o+. |
[   44.271243] cloud-init[2086]: |        S  . oo. |
[   44.271278] cloud-init[2086]: |          . ...  |
[   44.271313] cloud-init[2086]: |           + .o  |
[   44.271349] cloud-init[2086]: |          * oo . |
[   44.271384] cloud-init[2086]: |         . +.oE  |
[   44.271421] cloud-init[2086]: +----[SHA256]-----+
[   44.271456] cloud-init[2086]: Generating public/private ed25519 key pair.
] Started /etc/rc.local Compatibility.
[   45.087733] cloud-init[2086]: Your identification has been saved in /etc/ssh/ssh_host_ed25519_key.
[   45.197034] cloud-init[2086]: Your public key has been saved in /etc/ssh/ssh_host_ed25519_key.pub.
[   45.220558] cloud-init[2086]: The key fingerprint is:
[   45.235320] cloud-init[2086]: SHA256:0gsbEBXGDKLvBI11VkKFyjsYtahPuhf0P+Y+28gnTvI root@ubuntu-xenial
[   45.245984] cloud-init[2086]: The key's randomart image is:
[   45.278570] cloud-init[2086]: +--[ED25519 256]--+
[   45.309655] cloud-init[2086]: |  o.BO*.         |
[   45.400377] cloud-init[2086]: | =.+.+o          |
[   45.420874] [cloud-init[0;32m  OK  [0m[2086]: ] |++.o.            |Started iSCSI initiator daemon (iscsid).

[   45.421566] cloud-init[2086]: |oo=  . .         |
[   45.544758]          cloud-initStarting Login to default iSCSI targets...[2086]: 
|.+oo  + S        |
[   45.549057] cloud-init[2086]: |oo= .  = .       |
[   45.581803] cloud-init[2086]: | +.o..o .        |
[   45.595772] cloud-init[2086]: |. o  =*o.        |
[   45.653199] cloud-init[2086]: |.o   =E*.        |
[   45.673004] cloud-init[2086]: +----[SHA256]-----+
[   45.689090] cloud-init[2170]: Generating locales (this might take a while)...
[[0;32m  OK  [0m] Started Login to default iSCSI targets.
[[0;32m  OK  [0m] Reached target Remote File Systems (Pre).
[[0;32m  OK  [0m] Reached target Remote File Systems.
         Starting LSB: daemon to balance interrupts for SMP systems...
         Starting Permit User Sessions...
         Starting LSB: Set the CPU Frequency Scaling governor to "ondemand"...
         Starting LSB: automatic crash report generation...
[[0;32m  OK  [0m] Started Permit User Sessions.
[[0;32m  OK  [0m] Started LSB: Set the CPU Frequency Scaling governor to "ondemand".
         Starting Terminate Plymouth Boot Screen...
         Starting Hold until boot process finishes up...
[[0;32m  OK  [0m] Started LSB: daemon to balance interrupts for SMP systems.
[[0;32m  OK  [0m] Started LSB: automatic crash report generation.
[[0;32m  OK  [0m] Started Terminate Plymouth Boot Screen.
[[0;32m  OK  [0m] Started Hold until boot process finishes up.
[[0;32m  OK  [0m] Started Serial Getty on ttyS0.
[[0;32m  OK  [0m] Started Getty on tty1.
[[0;32m  OK  [0m] Reached target Login Prompts.
         Starting Set console scheme...
[[0;32m  OK  [0m] Started Set console scheme.
[   48.886785] cloud-init[2170]:   en_US.UTF-8... done
[   48.899051] cloud-init[2170]: Generation complete.
[[0;32m  OK  [0m] Stopped OpenBSD Secure Shell server.
         Starting OpenBSD Secure Shell server...
[[0;32m  OK  [0m] Started OpenBSD Secure Shell server.
[[0;32m  OK  [0m] Started Seed the pseudo random number generator on first boot.

Ubuntu 16.04.1 LTS ubuntu-xenial ttyS0

ubuntu-xenial login: [   55.612182] cloud-init[2170]: Cloud-init v. 0.7.7 running 'modules:config' at Wed, 17 Aug 2016 09:15:24 +0000. Up 44.42 seconds.
ci-info: +++++Authorized keys from /home/ubuntu/.ssh/authorized_keys for user ubuntu++++++
ci-info: +---------+-------------------------------------------------+---------+---------+
ci-info: | Keytype |                Fingerprint (md5)                | Options | Comment |
ci-info: +---------+-------------------------------------------------+---------+---------+
ci-info: | ssh-rsa | 5d:a7:54:3f:ab:85:3f:27:08:60:cf:51:02:f4:87:e2 |    -    | vagrant |
ci-info: +---------+-------------------------------------------------+---------+---------+
<14>Aug 17 09:15:55 ec2: 
<14>Aug 17 09:15:55 ec2: #############################################################
<14>Aug 17 09:15:55 ec2: -----BEGIN SSH HOST KEY FINGERPRINTS-----
<14>Aug 17 09:15:55 ec2: 1024 SHA256:MLkUoyDeHdEFIqx8GRwayryFy/yhr0JWxqrbPVQJZQY root@ubuntu-xenial (DSA)
<14>Aug 17 09:15:55 ec2: 256 SHA256:MJZWmwdz38Z0z2pECzkEnwKRmFrwdddutoKbOXZrT7Y root@ubuntu-xenial (ECDSA)
<14>Aug 17 09:15:55 ec2: 256 SHA256:0gsbEBXGDKLvBI11VkKFyjsYtahPuhf0P+Y+28gnTvI root@ubuntu-xenial (ED25519)
<14>Aug 17 09:15:55 ec2: 2048 SHA256:R9hck8aZxiEdwd7E3bsZqZr2by5aYvb/3E2QCkdxFJA root@ubuntu-xenial (RSA)
<14>Aug 17 09:15:55 ec2: -----END SSH HOST KEY FINGERPRINTS-----
<14>Aug 17 09:15:55 ec2: #############################################################
-----BEGIN SSH HOST KEY KEYS-----
ecdsa-sha2-nistp256 AAAAE2VjZHNhLXNoYTItbmlzdHAyNTYAAAAIbmlzdHAyNTYAAABBBNkihfwxIqVmaErYCa5lBzm0WySYEMssYYf5g1I9wPhggMd5Yb3aGBrlnZXCpeB6NQqyIrckomjR4SrANwy8mUY= root@ubuntu-xenial
ssh-ed25519 AAAAC3NzaC1lZDI1NTE5AAAAIFAyX2WKtG2hw0aWOY6MnN0Mv+CiJs1Dzm/yJZ7709mt root@ubuntu-xenial
ssh-rsa AAAAB3NzaC1yc2EAAAADAQABAAABAQC4bBaydRNuDnz0m6HRHtDKJsT79pAiAQm1N556prwGfj87tZJtTdRTZdq3U7g7WSaRuSxcr4lIY8RRhGuoHqr5Jx+lUEBfNG2gE0IW6fGGqDsq2Q70b0xRrOUImKi3vopL4BokBo2AzsPPqHlDfnW0TzZ28+DFpYmnX2klELUWVIuK0Dtpaf4hh7rALj2VUw5c2YWJCfIKD/dYN2QINNxCzvef3Euo5xCwlbUdQFm5h8RQnjafCq6CllexI97NkNBV4eVKma/N3PIU0jxU82WiTUcKX91Q31E8OPuF/EYwYFGUnmyBtPp486v7nNlXWoXeFkfN8WMt2qIx//JLJl+5 root@ubuntu-xenial
-----END SSH HOST KEY KEYS-----
[   57.590209] cloud-init[2459]: Cloud-init v. 0.7.7 running 'modules:final' at Wed, 17 Aug 2016 09:15:54 +0000. Up 56.06 seconds.
[   57.590392] cloud-init[2459]: Cloud-init v. 0.7.7 finished at Wed, 17 Aug 2016 09:15:55 +0000. Datasource DataSourceNoCloud [seed=/dev/sdb][dsmode=net].  Up 57.57 seconds
